  main.cpp
C:\Users\something\source\repos\SyndicateAuthCPP\SyndicateAuthCPP\syndicate\SyndicateAuthLib.h(30,21): warning C4251: 'SyndicateAuthLib::Auth::m_apiKey': 'std::basic_string<char,std::char_traits<char>,std::allocator<char>>' needs to have dll-interface to be used by clients of 'SyndicateAuthLib::Auth'
  (compiling source file 'main.cpp')
      C:\Program Files\Microsoft Visual Studio\2022\Community\VC\Tools\MSVC\14.42.34433\include\xstring(527,7):
      see declaration of 'std::basic_string<char,std::char_traits<char>,std::allocator<char>>'
  
C:\Users\something\source\repos\SyndicateAuthCPP\SyndicateAuthCPP\syndicate\SyndicateAuthLib.h(31,21): warning C4251: 'SyndicateAuthLib::Auth::m_secretKey': 'std::basic_string<char,std::char_traits<char>,std::allocator<char>>' needs to have dll-interface to be used by clients of 'SyndicateAuthLib::Auth'
  (compiling source file 'main.cpp')
      C:\Program Files\Microsoft Visual Studio\2022\Community\VC\Tools\MSVC\14.42.34433\include\xstring(527,7):
      see declaration of 'std::basic_string<char,std::char_traits<char>,std::allocator<char>>'
  
C:\Users\something\source\repos\SyndicateAuthCPP\SyndicateAuthCPP\syndicate\SyndicateAuthLib.h(32,21): warning C4251: 'SyndicateAuthLib::Auth::m_previousResponse': 'std::basic_string<char,std::char_traits<char>,std::allocator<char>>' needs to have dll-interface to be used by clients of 'SyndicateAuthLib::Auth'
  (compiling source file 'main.cpp')
      C:\Program Files\Microsoft Visual Studio\2022\Community\VC\Tools\MSVC\14.42.34433\include\xstring(527,7):
      see declaration of 'std::basic_string<char,std::char_traits<char>,std::allocator<char>>'
  
C:\Users\something\source\repos\SyndicateAuthCPP\SyndicateAuthCPP\syndicate\SyndicateAuthLib.h(33,21): warning C4251: 'SyndicateAuthLib::Auth::m_lastError': 'std::basic_string<char,std::char_traits<char>,std::allocator<char>>' needs to have dll-interface to be used by clients of 'SyndicateAuthLib::Auth'
  (compiling source file 'main.cpp')
      C:\Program Files\Microsoft Visual Studio\2022\Community\VC\Tools\MSVC\14.42.34433\include\xstring(527,7):
      see declaration of 'std::basic_string<char,std::char_traits<char>,std::allocator<char>>'
  
C:\Users\something\source\repos\SyndicateAuthCPP\SyndicateAuthCPP\syndicate\SyndicateAuthLib.h(37,21): warning C4251: 'SyndicateAuthLib::Auth::m_expirationDate': 'std::basic_string<char,std::char_traits<char>,std::allocator<char>>' needs to have dll-interface to be used by clients of 'SyndicateAuthLib::Auth'
  (compiling source file 'main.cpp')
      C:\Program Files\Microsoft Visual Studio\2022\Community\VC\Tools\MSVC\14.42.34433\include\xstring(527,7):
      see declaration of 'std::basic_string<char,std::char_traits<char>,std::allocator<char>>'
  
C:\Users\something\source\repos\SyndicateAuthCPP\SyndicateAuthCPP\syndicate\SyndicateAuthLib.h(38,21): warning C4251: 'SyndicateAuthLib::Auth::m_hwid': 'std::basic_string<char,std::char_traits<char>,std::allocator<char>>' needs to have dll-interface to be used by clients of 'SyndicateAuthLib::Auth'
  (compiling source file 'main.cpp')
      C:\Program Files\Microsoft Visual Studio\2022\Community\VC\Tools\MSVC\14.42.34433\include\xstring(527,7):
      see declaration of 'std::basic_string<char,std::char_traits<char>,std::allocator<char>>'
  
     Creating library C:\Users\something\source\repos\SyndicateAuthCPP\x64\Release\SyndicateAuthCPP.lib and object C:\Users\something\source\repos\SyndicateAuthCPP\x64\Release\SyndicateAuthCPP.exp
  Generating code
  Previous IPDB not found, fall back to full compilation.
  All 206 functions were compiled because no usable IPDB/IOBJ from previous compilation was found.
  Finished generating code
  SyndicateAuthCPP.vcxproj -> C:\Users\something\source\repos\SyndicateAuthCPP\x64\Release\SyndicateAuthCPP.exe
